<?xml version="1.0" encoding="UTF-8" ?>
<testsuite tests="56" failures="0" name="com.hybridvisions.oasiisj.AppPropertiesTest" time="1.398" errors="0" skipped="0">
  <properties>
[...]
</properties>
  <testcase classname="com.hybridvisions.oasiisj.AppPropertiesTest" name="testGetHelpdeskEmail" time="1.315"/>
  <testcase classname="com.hybridvisions.oasiisj.AppPropertiesTest" name="testGetLoggingConfigFile" time="0"/>
  <testcase classname="com.hybridvisions.oasiisj.AppPropertiesTest" name="testGetTimeoutSessionPing" time="0"/>
  <testcase classname="com.hybridvisions.oasiisj.AppPropertiesTest" name="testGetTimeoutSessionPingTablet" time="0"/>
  <testcase classname="com.hybridvisions.oasiisj.AppPropertiesTest" name="testGetInivitationEmailSubject" time="0"/>
  <testcase classname="com.hybridvisions.oasiisj.AppPropertiesTest" name="testIsServerEmailOverwriteFrom" time="0"/>
  <testcase classname="com.hybridvisions.oasiisj.AppPropertiesTest" name="testIsAccountManagementEnabled" time="0"/>
  <testcase classname="com.hybridvisions.oasiisj.AppPropertiesTest" name="testAllowPropertiesAutoReload" time="0"/>
  <testcase classname="com.hybridvisions.oasiisj.AppPropertiesTest" name="testGetInivitationEmailGroupSubject" time="0"/>
  <testcase classname="com.hybridvisions.oasiisj.AppPropertiesTest" name="testGetCompanyHelpdeskEmailSubject" time="0"/>
  <testcase classname="com.hybridvisions.oasiisj.AppPropertiesTest" name="testIsChampsExportingServiceActivated" time="0.001"/>
  <testcase classname="com.hybridvisions.oasiisj.AppPropertiesTest" name="testIsStartEmbeddedMessageBroker" time="0.006"/>
  <testcase classname="com.hybridvisions.oasiisj.AppPropertiesTest" name="testIsStandaloneVersion" time="0"/>
  <testcase classname="com.hybridvisions.oasiisj.AppPropertiesTest" name="testGetEmailBody" time="0"/>
  <testcase classname="com.hybridvisions.oasiisj.AppPropertiesTest" name="testGetSalesEmail" time="0"/>
  <testcase classname="com.hybridvisions.oasiisj.AppPropertiesTest" name="testIsOldDomainReport" time="0.001"/>
  <testcase classname="com.hybridvisions.oasiisj.AppPropertiesTest" name="testGetMailSmtpHost" time="0"/>
  <testcase classname="com.hybridvisions.oasiisj.AppPropertiesTest" name="testGetTimeoutUserPing" time="0"/>
  <testcase classname="com.hybridvisions.oasiisj.AppPropertiesTest" name="testGetCompanyHelpdeskEmailBodyWebEngine" time="0"/>
  <testcase classname="com.hybridvisions.oasiisj.AppPropertiesTest" name="testGetClusterQueueSize" time="0"/>
  <testcase classname="com.hybridvisions.oasiisj.AppPropertiesTest" name="testGetLicensingStrategyFile" time="0.011"/>
  <testcase classname="com.hybridvisions.oasiisj.AppPropertiesTest" name="testGetInivitationEmailGroupBody" time="0"/>
  <testcase classname="com.hybridvisions.oasiisj.AppPropertiesTest" name="testGetReferralEmailBodyWebEngine" time="0"/>
  <testcase classname="com.hybridvisions.oasiisj.AppPropertiesTest" name="testSetT56IETM" time="0.057"/>
  <testcase classname="com.hybridvisions.oasiisj.AppPropertiesTest" name="testGetReferralEmailBody" time="0"/>
  <testcase classname="com.hybridvisions.oasiisj.AppPropertiesTest" name="testGetEmailSubject" time="0"/>
  <testcase classname="com.hybridvisions.oasiisj.AppPropertiesTest" name="testGetDomainReportName" time="0"/>
  <testcase classname="com.hybridvisions.oasiisj.AppPropertiesTest" name="testGetActionProps" time="0"/>
  <testcase classname="com.hybridvisions.oasiisj.AppPropertiesTest" name="testGetPropertyString" time="0"/>
  <testcase classname="com.hybridvisions.oasiisj.AppPropertiesTest" name="testGetMessageBrokerConnection" time="0"/>
  <testcase classname="com.hybridvisions.oasiisj.AppPropertiesTest" name="testGetOTPCertsPath" time="0"/>
  <testcase classname="com.hybridvisions.oasiisj.AppPropertiesTest" name="testGetReferralGroupBody" time="0"/>
  <testcase classname="com.hybridvisions.oasiisj.AppPropertiesTest" name="testGetEmbeddedMessageBrokerParameters" time="0"/>
  <testcase classname="com.hybridvisions.oasiisj.AppPropertiesTest" name="testGetMessageBrokerTimeout" time="0"/>
  <testcase classname="com.hybridvisions.oasiisj.AppPropertiesTest" name="testIsDirectLocaFilesAccess" time="0"/>
  <testcase classname="com.hybridvisions.oasiisj.AppPropertiesTest" name="testSetTimberjack" time="0.002"/>
  <testcase classname="com.hybridvisions.oasiisj.AppPropertiesTest" name="testIsAuditLoggingEnabled" time="0"/>
  <testcase classname="com.hybridvisions.oasiisj.AppPropertiesTest" name="testGetPropertyStringString" time="0"/>
  <testcase classname="com.hybridvisions.oasiisj.AppPropertiesTest" name="testGetClusterMode" time="0"/>
  <testcase classname="com.hybridvisions.oasiisj.AppPropertiesTest" name="testGetReferralGroupSubject" time="0"/>
  <testcase classname="com.hybridvisions.oasiisj.AppPropertiesTest" name="testGetReloadOasiisJList" time="0.001"/>
  <testcase classname="com.hybridvisions.oasiisj.AppPropertiesTest" name="testGetStandaloneINIProperty" time="0"/>
  <testcase classname="com.hybridvisions.oasiisj.AppPropertiesTest" name="testGetSessionStartEmailSubject" time="0"/>
  <testcase classname="com.hybridvisions.oasiisj.AppPropertiesTest" name="testIsT56IETM" time="0"/>
  <testcase classname="com.hybridvisions.oasiisj.AppPropertiesTest" name="testGetServerEmail" time="0"/>
  <testcase classname="com.hybridvisions.oasiisj.AppPropertiesTest" name="testGetInivitationEmailBody" time="0"/>
  <testcase classname="com.hybridvisions.oasiisj.AppPropertiesTest" name="testGetReferralEmailSubject" time="0"/>
  <testcase classname="com.hybridvisions.oasiisj.AppPropertiesTest" name="testGetOasiisJConfigFile" time="0"/>
  <testcase classname="com.hybridvisions.oasiisj.AppPropertiesTest" name="testGetDefaultColourTheme" time="0"/>
  <testcase classname="com.hybridvisions.oasiisj.AppPropertiesTest" name="testGetServiceLevel" time="0"/>
  <testcase classname="com.hybridvisions.oasiisj.AppPropertiesTest" name="testGetSessionStartEmailBody" time="0"/>
  <testcase classname="com.hybridvisions.oasiisj.AppPropertiesTest" name="testIsTimberjack" time="0.003"/>
  <testcase classname="com.hybridvisions.oasiisj.AppPropertiesTest" name="testIsStandalone" time="0"/>
  <testcase classname="com.hybridvisions.oasiisj.AppPropertiesTest" name="testSubstOasiisJHome" time="0"/>
  <testcase classname="com.hybridvisions.oasiisj.AppPropertiesTest" name="testGetInstance" time="0.001"/>
  <testcase classname="com.hybridvisions.oasiisj.AppPropertiesTest" name="testGetCompanyHelpdeskEmailBody" time="0"/>
</testsuite>